<?xml version="1.0" encoding="UTF-8"?>
<testsuite xmlns:xsi="http://www.w3.org/2001/XMLSchema-instance" xsi:noNamespaceSchemaLocation="https://maven.apache.org/surefire/maven-surefire-plugin/xsd/surefire-test-report-3.0.xsd" version="3.0" name="com.jsn.ExampleTest" time="5.138" tests="11" errors="0" skipped="0" failures="0">
  <properties>
[...]
</properties>
  <testcase name="testContarLetrasA" classname="com.jsn.ExampleTest" time="0.053"/>
  <testcase name="testMensajeConRetraso" classname="com.jsn.ExampleTest" time="5.011"/>
  <testcase name="testSumar" classname="com.jsn.ExampleTest" time="0.004"/>
  <testcase name="testCalcularMediaConListaNula" classname="com.jsn.ExampleTest" time="0.002"/>
  <testcase name="testFactorial" classname="com.jsn.ExampleTest" time="0.003"/>
  <testcase name="testCalcularMediaConUnSoloElemento" classname="com.jsn.ExampleTest" time="0.002"/>
  <testcase name="testConvertirAString" classname="com.jsn.ExampleTest" time="0.001"/>
  <testcase name="testCheckPositivo" classname="com.jsn.ExampleTest" time="0.001"/>
  <testcase name="testCalcularMediaConListaVacia" classname="com.jsn.ExampleTest" time="0.0"/>
  <testcase name="testCalcularMediaConListaDeMultiplesElementos" classname="com.jsn.ExampleTest" time="0.0"/>
  <testcase name="testContieneElemento" classname="com.jsn.ExampleTest" time="0.001"/>
</testsuite>